<?xml version="1.0" encoding="UTF-8"?>
<!-- Generated by org.testng.reporters.JUnitReportReporter -->
<testsuite hostname="sakthivel-PC" name="selenium.NewTest" tests="1" failures="0" timestamp="11 Nov 2015 13:27:34 GMT" time="68.895" errors="0">
  <testcase name="Method1" time="68.895" classname="selenium.NewTest"/>
</testsuite> <!-- selenium.NewTest -->
